[debug] [2020-10-16T04:12:33.301Z] ----------------------------------------------------------------------
[debug] [2020-10-16T04:12:33.303Z] Command:       /usr/local/bin/node /usr/local/bin/firebase emulators:start
[debug] [2020-10-16T04:12:33.304Z] CLI Version:   8.12.0
[debug] [2020-10-16T04:12:33.304Z] Platform:      darwin
[debug] [2020-10-16T04:12:33.304Z] Node Version:  v10.16.3
[debug] [2020-10-16T04:12:33.305Z] Time:          Fri Oct 16 2020 00:12:33 GMT-0400 (Eastern Daylight Time)
[debug] [2020-10-16T04:12:33.305Z] ----------------------------------------------------------------------
[debug] [2020-10-16T04:12:33.305Z] 
[debug] [2020-10-16T04:12:33.313Z] > command requires scopes: ["email","openid","https://www.googleapis.com/auth/cloudplatformprojects.readonly","https://www.googleapis.com/auth/firebase","https://www.googleapis.com/auth/cloud-platform"]
[debug] [2020-10-16T04:12:33.313Z] > authorizing via signed-in user
[info] i  emulators: Starting emulators: functions, hosting {"metadata":{"emulator":{"name":"hub"},"message":"Starting emulators: functions, hosting"}}
[warn] ⚠  emulators: It seems that you are running multiple instances of the emulator suite for project clone-amazon. This may result in unexpected behavior. 
[debug] [2020-10-16T04:12:33.337Z] [hub] writing locator at /var/folders/25/sfmh_zdx10z2vtyv2txg_16r0000gn/T/hub-clone-amazon.json
[warn] ⚠  functions: The following emulators are not running, calls to these services from the Functions emulator will affect production: auth, firestore, database, pubsub {"metadata":{"emulator":{"name":"functions"},"message":"The following emulators are not running, calls to these services from the Functions emulator will affect production: \u001b[1mauth, firestore, database, pubsub\u001b[22m"}}
[warn] ⚠  Your requested "node" version "8" doesn't match your global version "10" {"metadata":{"emulator":{"name":"functions"},"message":"Your requested \"node\" version \"8\" doesn't match your global version \"10\""}}
[debug] [2020-10-16T04:12:33.376Z] defaultcredentials: writing to file /Users/rakesh/.config/firebase/nadipiswetha_gmail_com_application_default_credentials.json
[debug] [2020-10-16T04:12:33.379Z] Setting GAC to /Users/rakesh/.config/firebase/nadipiswetha_gmail_com_application_default_credentials.json {"metadata":{"emulator":{"name":"functions"},"message":"Setting GAC to /Users/rakesh/.config/firebase/nadipiswetha_gmail_com_application_default_credentials.json"}}
[debug] [2020-10-16T04:12:33.646Z] >>> HTTP REQUEST GET https://firebase.googleapis.com/v1beta1/projects/clone-amazon/webApps/-/config  
 
[debug] [2020-10-16T04:12:34.187Z] <<< HTTP RESPONSE 200 {"content-type":"application/json; charset=UTF-8","vary":"X-Origin, Referer, Origin,Accept-Encoding","date":"Fri, 16 Oct 2020 04:12:34 GMT","server":"ESF","cache-control":"private","x-xss-protection":"0","x-frame-options":"SAMEORIGIN","x-content-type-options":"nosniff","alt-svc":"h3-Q050=\":443\"; ma=2592000,h3-29=\":443\"; ma=2592000,h3-27=\":443\"; ma=2592000,h3-T051=\":443\"; ma=2592000,h3-T050=\":443\"; ma=2592000,h3-Q046=\":443\"; ma=2592000,h3-Q043=\":443\"; ma=2592000,quic=\":443\"; ma=2592000; v=\"46,43\"","accept-ranges":"none","transfer-encoding":"chunked"}
[info] i  hosting: Serving hosting files from: build {"metadata":{"emulator":{"name":"hosting"},"message":"Serving hosting files from: \u001b[1mbuild\u001b[22m"}}
[info] ✔  hosting: Local server: http://localhost:5000 {"metadata":{"emulator":{"name":"hosting"},"message":"Local server: \u001b[4m\u001b[1mhttp://localhost:5000\u001b[22m\u001b[24m"}}
[debug] [2020-10-16T04:12:34.219Z] Ignoring unsupported arg: auto_download {"metadata":{"emulator":{"name":"ui"},"message":"Ignoring unsupported arg: auto_download"}}
[debug] [2020-10-16T04:12:34.219Z] Ignoring unsupported arg: port {"metadata":{"emulator":{"name":"ui"},"message":"Ignoring unsupported arg: port"}}
[debug] [2020-10-16T04:12:34.219Z] Starting Emulator UI with command {"binary":"node","args":["/Users/rakesh/.cache/firebase/emulators/ui-v1.1.1/server.bundle.js"],"optionalArgs":[],"joinArgs":false} {"metadata":{"emulator":{"name":"ui"},"message":"Starting Emulator UI with command {\"binary\":\"node\",\"args\":[\"/Users/rakesh/.cache/firebase/emulators/ui-v1.1.1/server.bundle.js\"],\"optionalArgs\":[],\"joinArgs\":false}"}}
[info] i  ui: Emulator UI logging to ui-debug.log {"metadata":{"emulator":{"name":"ui"},"message":"Emulator UI logging to \u001b[1mui-debug.log\u001b[22m"}}
[debug] [2020-10-16T04:12:34.378Z] Web / API server started at http://localhost:4000
 {"metadata":{"emulator":{"name":"ui"},"message":"Web / API server started at http://localhost:4000\n"}}
[info] i  functions: Watching "/Users/rakesh/Desktop/amazon-clone/functions" for Cloud Functions... {"metadata":{"emulator":{"name":"functions"},"message":"Watching \"/Users/rakesh/Desktop/amazon-clone/functions\" for Cloud Functions..."}}
[debug] [2020-10-16T04:12:34.489Z] [worker-pool] addWorker(~diagnostic~) {"metadata":{"emulator":{"name":"functions"},"message":"[worker-pool] addWorker(~diagnostic~)"}}
[debug] [2020-10-16T04:12:34.489Z] [worker-pool] Adding worker with key ~diagnostic~, total=1 {"metadata":{"emulator":{"name":"functions"},"message":"[worker-pool] Adding worker with key ~diagnostic~, total=1"}}
[debug] [2020-10-16T04:12:34.490Z] [worker-pool] submitWork(triggerId=) {"metadata":{"emulator":{"name":"functions"},"message":"[worker-pool] submitWork(triggerId=)"}}
[debug] [2020-10-16T04:12:34.490Z] [worker-~diagnostic~-b4d319c5-a898-43e9-91f3-3bbe4ea268f7]: Assigning socketPath: /var/folders/25/sfmh_zdx10z2vtyv2txg_16r0000gn/T/fire_emu_4430.sock {"metadata":{"emulator":{"name":"functions"},"message":"[worker-~diagnostic~-b4d319c5-a898-43e9-91f3-3bbe4ea268f7]: Assigning socketPath: /var/folders/25/sfmh_zdx10z2vtyv2txg_16r0000gn/T/fire_emu_4430.sock"}}
[debug] [2020-10-16T04:12:34.490Z] [worker-~diagnostic~-b4d319c5-a898-43e9-91f3-3bbe4ea268f7]: BUSY {"metadata":{"emulator":{"name":"functions"},"message":"[worker-~diagnostic~-b4d319c5-a898-43e9-91f3-3bbe4ea268f7]: BUSY"}}
[debug] [2020-10-16T04:12:34.746Z] [runtime-status] [4430] Functions runtime initialized. {"cwd":"/Users/rakesh/Desktop/amazon-clone/functions","node_version":"10.16.3"} {"metadata":{"emulator":{"name":"functions"},"message":"[runtime-status] [4430] Functions runtime initialized. {\"cwd\":\"/Users/rakesh/Desktop/amazon-clone/functions\",\"node_version\":\"10.16.3\"}"}}
[debug] [2020-10-16T04:12:34.747Z] [runtime-status] [4430] Disabled runtime features: undefined {"metadata":{"emulator":{"name":"functions"},"message":"[runtime-status] [4430] Disabled runtime features: undefined"}}
[debug] [2020-10-16T04:12:34.749Z] [runtime-status] [4430] Resolved module firebase-admin {"declared":true,"installed":true,"version":"8.13.0","resolution":"/Users/rakesh/Desktop/amazon-clone/functions/node_modules/firebase-admin/lib/index.js"} {"metadata":{"emulator":{"name":"functions"},"message":"[runtime-status] [4430] Resolved module firebase-admin {\"declared\":true,\"installed\":true,\"version\":\"8.13.0\",\"resolution\":\"/Users/rakesh/Desktop/amazon-clone/functions/node_modules/firebase-admin/lib/index.js\"}"}}
[debug] [2020-10-16T04:12:34.750Z] [runtime-status] [4430] Resolved module firebase-functions {"declared":true,"installed":true,"version":"3.11.0","resolution":"/Users/rakesh/Desktop/amazon-clone/functions/node_modules/firebase-functions/lib/index.js"} {"metadata":{"emulator":{"name":"functions"},"message":"[runtime-status] [4430] Resolved module firebase-functions {\"declared\":true,\"installed\":true,\"version\":\"3.11.0\",\"resolution\":\"/Users/rakesh/Desktop/amazon-clone/functions/node_modules/firebase-functions/lib/index.js\"}"}}
[debug] [2020-10-16T04:12:34.750Z] [runtime-status] [4430] Resolved module firebase-functions {"declared":true,"installed":true,"version":"3.11.0","resolution":"/Users/rakesh/Desktop/amazon-clone/functions/node_modules/firebase-functions/lib/index.js"} {"metadata":{"emulator":{"name":"functions"},"message":"[runtime-status] [4430] Resolved module firebase-functions {\"declared\":true,\"installed\":true,\"version\":\"3.11.0\",\"resolution\":\"/Users/rakesh/Desktop/amazon-clone/functions/node_modules/firebase-functions/lib/index.js\"}"}}
[debug] [2020-10-16T04:12:34.753Z] [runtime-status] [4430] Outgoing network have been stubbed. [{"name":"http","status":"mocked"},{"name":"http","status":"mocked"},{"name":"https","status":"mocked"},{"name":"https","status":"mocked"},{"name":"net","status":"mocked"}] {"metadata":{"emulator":{"name":"functions"},"message":"[runtime-status] [4430] Outgoing network have been stubbed. [{\"name\":\"http\",\"status\":\"mocked\"},{\"name\":\"http\",\"status\":\"mocked\"},{\"name\":\"https\",\"status\":\"mocked\"},{\"name\":\"https\",\"status\":\"mocked\"},{\"name\":\"net\",\"status\":\"mocked\"}]"}}
[debug] [2020-10-16T04:12:34.753Z] [runtime-status] [4430] Resolved module firebase-functions {"declared":true,"installed":true,"version":"3.11.0","resolution":"/Users/rakesh/Desktop/amazon-clone/functions/node_modules/firebase-functions/lib/index.js"} {"metadata":{"emulator":{"name":"functions"},"message":"[runtime-status] [4430] Resolved module firebase-functions {\"declared\":true,\"installed\":true,\"version\":\"3.11.0\",\"resolution\":\"/Users/rakesh/Desktop/amazon-clone/functions/node_modules/firebase-functions/lib/index.js\"}"}}
[debug] [2020-10-16T04:12:34.781Z] [runtime-status] [4430] Checked functions.config() {"config":{}} {"metadata":{"emulator":{"name":"functions"},"message":"[runtime-status] [4430] Checked functions.config() {\"config\":{}}"}}
[debug] [2020-10-16T04:12:34.781Z] [runtime-status] [4430] firebase-functions has been stubbed. {"functionsResolution":{"declared":true,"installed":true,"version":"3.11.0","resolution":"/Users/rakesh/Desktop/amazon-clone/functions/node_modules/firebase-functions/lib/index.js"}} {"metadata":{"emulator":{"name":"functions"},"message":"[runtime-status] [4430] firebase-functions has been stubbed. {\"functionsResolution\":{\"declared\":true,\"installed\":true,\"version\":\"3.11.0\",\"resolution\":\"/Users/rakesh/Desktop/amazon-clone/functions/node_modules/firebase-functions/lib/index.js\"}}"}}
[debug] [2020-10-16T04:12:34.781Z] [runtime-status] [4430] Resolved module firebase-functions {"declared":true,"installed":true,"version":"3.11.0","resolution":"/Users/rakesh/Desktop/amazon-clone/functions/node_modules/firebase-functions/lib/index.js"} {"metadata":{"emulator":{"name":"functions"},"message":"[runtime-status] [4430] Resolved module firebase-functions {\"declared\":true,\"installed\":true,\"version\":\"3.11.0\",\"resolution\":\"/Users/rakesh/Desktop/amazon-clone/functions/node_modules/firebase-functions/lib/index.js\"}"}}
[debug] [2020-10-16T04:12:34.782Z] [runtime-status] [4430] Resolved module firebase-admin {"declared":true,"installed":true,"version":"8.13.0","resolution":"/Users/rakesh/Desktop/amazon-clone/functions/node_modules/firebase-admin/lib/index.js"} {"metadata":{"emulator":{"name":"functions"},"message":"[runtime-status] [4430] Resolved module firebase-admin {\"declared\":true,\"installed\":true,\"version\":\"8.13.0\",\"resolution\":\"/Users/rakesh/Desktop/amazon-clone/functions/node_modules/firebase-admin/lib/index.js\"}"}}
[debug] [2020-10-16T04:12:34.782Z] [runtime-status] [4430] Resolved module firebase-functions {"declared":true,"installed":true,"version":"3.11.0","resolution":"/Users/rakesh/Desktop/amazon-clone/functions/node_modules/firebase-functions/lib/index.js"} {"metadata":{"emulator":{"name":"functions"},"message":"[runtime-status] [4430] Resolved module firebase-functions {\"declared\":true,\"installed\":true,\"version\":\"3.11.0\",\"resolution\":\"/Users/rakesh/Desktop/amazon-clone/functions/node_modules/firebase-functions/lib/index.js\"}"}}
[debug] [2020-10-16T04:12:34.782Z] [runtime-status] [4430] firebase-admin has been stubbed. {"adminResolution":{"declared":true,"installed":true,"version":"8.13.0","resolution":"/Users/rakesh/Desktop/amazon-clone/functions/node_modules/firebase-admin/lib/index.js"}} {"metadata":{"emulator":{"name":"functions"},"message":"[runtime-status] [4430] firebase-admin has been stubbed. {\"adminResolution\":{\"declared\":true,\"installed\":true,\"version\":\"8.13.0\",\"resolution\":\"/Users/rakesh/Desktop/amazon-clone/functions/node_modules/firebase-admin/lib/index.js\"}}"}}
[info] ✔  functions[api]: http function initialized (http://localhost:5001/clone-amazon/us-central1/api). {"metadata":{"emulator":{"name":"functions"},"message":"\u001b[1mhttp\u001b[22m function initialized (http://localhost:5001/clone-amazon/us-central1/api)."}}
[info] 
┌───────────────────────────────────────────────────────────────────────┐
│ ✔  All emulators ready! View status and logs at http://localhost:4000 │
└───────────────────────────────────────────────────────────────────────┘

┌───────────┬────────────────┬─────────────────────────────────┐
│ Emulator  │ Host:Port      │ View in Emulator UI             │
├───────────┼────────────────┼─────────────────────────────────┤
│ Functions │ localhost:5001 │ http://localhost:4000/functions │
├───────────┼────────────────┼─────────────────────────────────┤
│ Hosting   │ localhost:5000 │ n/a                             │
└───────────┴────────────────┴─────────────────────────────────┘
  Other reserved ports: 4400, 4500

Issues? Report them at https://github.com/firebase/firebase-tools/issues and attach the *-debug.log files.
 
[debug] [2020-10-16T04:12:34.850Z] [worker-~diagnostic~-b4d319c5-a898-43e9-91f3-3bbe4ea268f7]: IDLE {"metadata":{"emulator":{"name":"functions"},"message":"[worker-~diagnostic~-b4d319c5-a898-43e9-91f3-3bbe4ea268f7]: IDLE"}}
[debug] [2020-10-16T04:13:57.126Z] Received signal SIGHUP 1
[debug] [2020-10-16T04:14:16.302Z] ----------------------------------------------------------------------
[debug] [2020-10-16T04:14:16.303Z] Command:       /usr/local/bin/node /usr/local/bin/firebase emulators:start
[debug] [2020-10-16T04:14:16.304Z] CLI Version:   8.12.0
[debug] [2020-10-16T04:14:16.304Z] Platform:      darwin
[debug] [2020-10-16T04:14:16.304Z] Node Version:  v10.16.3
[debug] [2020-10-16T04:14:16.305Z] Time:          Fri Oct 16 2020 00:14:16 GMT-0400 (Eastern Daylight Time)
[debug] [2020-10-16T04:14:16.305Z] ----------------------------------------------------------------------
[debug] [2020-10-16T04:14:16.305Z] 
[debug] [2020-10-16T04:14:16.312Z] > command requires scopes: ["email","openid","https://www.googleapis.com/auth/cloudplatformprojects.readonly","https://www.googleapis.com/auth/firebase","https://www.googleapis.com/auth/cloud-platform"]
[debug] [2020-10-16T04:14:16.312Z] > authorizing via signed-in user
[info] i  emulators: Starting emulators: functions, hosting {"metadata":{"emulator":{"name":"hub"},"message":"Starting emulators: functions, hosting"}}
[warn] ⚠  emulators: It seems that you are running multiple instances of the emulator suite for project clone-amazon. This may result in unexpected behavior. 
[debug] [2020-10-16T04:14:16.333Z] [hub] writing locator at /var/folders/25/sfmh_zdx10z2vtyv2txg_16r0000gn/T/hub-clone-amazon.json
[warn] ⚠  functions: The following emulators are not running, calls to these services from the Functions emulator will affect production: auth, firestore, database, pubsub {"metadata":{"emulator":{"name":"functions"},"message":"The following emulators are not running, calls to these services from the Functions emulator will affect production: \u001b[1mauth, firestore, database, pubsub\u001b[22m"}}
[warn] ⚠  Your requested "node" version "8" doesn't match your global version "10" {"metadata":{"emulator":{"name":"functions"},"message":"Your requested \"node\" version \"8\" doesn't match your global version \"10\""}}
[debug] [2020-10-16T04:14:16.368Z] defaultcredentials: writing to file /Users/rakesh/.config/firebase/nadipiswetha_gmail_com_application_default_credentials.json
[debug] [2020-10-16T04:14:16.371Z] Setting GAC to /Users/rakesh/.config/firebase/nadipiswetha_gmail_com_application_default_credentials.json {"metadata":{"emulator":{"name":"functions"},"message":"Setting GAC to /Users/rakesh/.config/firebase/nadipiswetha_gmail_com_application_default_credentials.json"}}
[debug] [2020-10-16T04:14:16.635Z] >>> HTTP REQUEST GET https://firebase.googleapis.com/v1beta1/projects/clone-amazon/webApps/-/config  
 
[debug] [2020-10-16T04:14:17.056Z] <<< HTTP RESPONSE 200 {"content-type":"application/json; charset=UTF-8","vary":"X-Origin, Referer, Origin,Accept-Encoding","date":"Fri, 16 Oct 2020 04:14:17 GMT","server":"ESF","cache-control":"private","x-xss-protection":"0","x-frame-options":"SAMEORIGIN","x-content-type-options":"nosniff","alt-svc":"h3-Q050=\":443\"; ma=2592000,h3-29=\":443\"; ma=2592000,h3-27=\":443\"; ma=2592000,h3-T051=\":443\"; ma=2592000,h3-T050=\":443\"; ma=2592000,h3-Q046=\":443\"; ma=2592000,h3-Q043=\":443\"; ma=2592000,quic=\":443\"; ma=2592000; v=\"46,43\"","accept-ranges":"none","transfer-encoding":"chunked"}
[info] i  hosting: Serving hosting files from: build {"metadata":{"emulator":{"name":"hosting"},"message":"Serving hosting files from: \u001b[1mbuild\u001b[22m"}}
[info] ✔  hosting: Local server: http://localhost:5000 {"metadata":{"emulator":{"name":"hosting"},"message":"Local server: \u001b[4m\u001b[1mhttp://localhost:5000\u001b[22m\u001b[24m"}}
[debug] [2020-10-16T04:14:17.084Z] Ignoring unsupported arg: auto_download {"metadata":{"emulator":{"name":"ui"},"message":"Ignoring unsupported arg: auto_download"}}
[debug] [2020-10-16T04:14:17.085Z] Ignoring unsupported arg: port {"metadata":{"emulator":{"name":"ui"},"message":"Ignoring unsupported arg: port"}}
[debug] [2020-10-16T04:14:17.085Z] Starting Emulator UI with command {"binary":"node","args":["/Users/rakesh/.cache/firebase/emulators/ui-v1.1.1/server.bundle.js"],"optionalArgs":[],"joinArgs":false} {"metadata":{"emulator":{"name":"ui"},"message":"Starting Emulator UI with command {\"binary\":\"node\",\"args\":[\"/Users/rakesh/.cache/firebase/emulators/ui-v1.1.1/server.bundle.js\"],\"optionalArgs\":[],\"joinArgs\":false}"}}
[info] i  ui: Emulator UI logging to ui-debug.log {"metadata":{"emulator":{"name":"ui"},"message":"Emulator UI logging to \u001b[1mui-debug.log\u001b[22m"}}
[debug] [2020-10-16T04:14:17.226Z] Web / API server started at http://localhost:4000
 {"metadata":{"emulator":{"name":"ui"},"message":"Web / API server started at http://localhost:4000\n"}}
[info] i  functions: Watching "/Users/rakesh/Desktop/amazon-clone/functions" for Cloud Functions... {"metadata":{"emulator":{"name":"functions"},"message":"Watching \"/Users/rakesh/Desktop/amazon-clone/functions\" for Cloud Functions..."}}
[debug] [2020-10-16T04:14:17.357Z] [worker-pool] addWorker(~diagnostic~) {"metadata":{"emulator":{"name":"functions"},"message":"[worker-pool] addWorker(~diagnostic~)"}}
[debug] [2020-10-16T04:14:17.358Z] [worker-pool] Adding worker with key ~diagnostic~, total=1 {"metadata":{"emulator":{"name":"functions"},"message":"[worker-pool] Adding worker with key ~diagnostic~, total=1"}}
[debug] [2020-10-16T04:14:17.358Z] [worker-pool] submitWork(triggerId=) {"metadata":{"emulator":{"name":"functions"},"message":"[worker-pool] submitWork(triggerId=)"}}
[debug] [2020-10-16T04:14:17.358Z] [worker-~diagnostic~-d3826343-c031-49b2-b7a4-6130ce226d8e]: Assigning socketPath: /var/folders/25/sfmh_zdx10z2vtyv2txg_16r0000gn/T/fire_emu_4487.sock {"metadata":{"emulator":{"name":"functions"},"message":"[worker-~diagnostic~-d3826343-c031-49b2-b7a4-6130ce226d8e]: Assigning socketPath: /var/folders/25/sfmh_zdx10z2vtyv2txg_16r0000gn/T/fire_emu_4487.sock"}}
[debug] [2020-10-16T04:14:17.358Z] [worker-~diagnostic~-d3826343-c031-49b2-b7a4-6130ce226d8e]: BUSY {"metadata":{"emulator":{"name":"functions"},"message":"[worker-~diagnostic~-d3826343-c031-49b2-b7a4-6130ce226d8e]: BUSY"}}
[debug] [2020-10-16T04:14:17.623Z] [runtime-status] [4487] Functions runtime initialized. {"cwd":"/Users/rakesh/Desktop/amazon-clone/functions","node_version":"10.16.3"} {"metadata":{"emulator":{"name":"functions"},"message":"[runtime-status] [4487] Functions runtime initialized. {\"cwd\":\"/Users/rakesh/Desktop/amazon-clone/functions\",\"node_version\":\"10.16.3\"}"}}
[debug] [2020-10-16T04:14:17.624Z] [runtime-status] [4487] Disabled runtime features: undefined {"metadata":{"emulator":{"name":"functions"},"message":"[runtime-status] [4487] Disabled runtime features: undefined"}}
[debug] [2020-10-16T04:14:17.626Z] [runtime-status] [4487] Resolved module firebase-admin {"declared":true,"installed":true,"version":"8.13.0","resolution":"/Users/rakesh/Desktop/amazon-clone/functions/node_modules/firebase-admin/lib/index.js"} {"metadata":{"emulator":{"name":"functions"},"message":"[runtime-status] [4487] Resolved module firebase-admin {\"declared\":true,\"installed\":true,\"version\":\"8.13.0\",\"resolution\":\"/Users/rakesh/Desktop/amazon-clone/functions/node_modules/firebase-admin/lib/index.js\"}"}}
[debug] [2020-10-16T04:14:17.626Z] [runtime-status] [4487] Resolved module firebase-functions {"declared":true,"installed":true,"version":"3.11.0","resolution":"/Users/rakesh/Desktop/amazon-clone/functions/node_modules/firebase-functions/lib/index.js"} {"metadata":{"emulator":{"name":"functions"},"message":"[runtime-status] [4487] Resolved module firebase-functions {\"declared\":true,\"installed\":true,\"version\":\"3.11.0\",\"resolution\":\"/Users/rakesh/Desktop/amazon-clone/functions/node_modules/firebase-functions/lib/index.js\"}"}}
[debug] [2020-10-16T04:14:17.627Z] [runtime-status] [4487] Resolved module firebase-functions {"declared":true,"installed":true,"version":"3.11.0","resolution":"/Users/rakesh/Desktop/amazon-clone/functions/node_modules/firebase-functions/lib/index.js"} {"metadata":{"emulator":{"name":"functions"},"message":"[runtime-status] [4487] Resolved module firebase-functions {\"declared\":true,\"installed\":true,\"version\":\"3.11.0\",\"resolution\":\"/Users/rakesh/Desktop/amazon-clone/functions/node_modules/firebase-functions/lib/index.js\"}"}}
[debug] [2020-10-16T04:14:17.630Z] [runtime-status] [4487] Outgoing network have been stubbed. [{"name":"http","status":"mocked"},{"name":"http","status":"mocked"},{"name":"https","status":"mocked"},{"name":"https","status":"mocked"},{"name":"net","status":"mocked"}] {"metadata":{"emulator":{"name":"functions"},"message":"[runtime-status] [4487] Outgoing network have been stubbed. [{\"name\":\"http\",\"status\":\"mocked\"},{\"name\":\"http\",\"status\":\"mocked\"},{\"name\":\"https\",\"status\":\"mocked\"},{\"name\":\"https\",\"status\":\"mocked\"},{\"name\":\"net\",\"status\":\"mocked\"}]"}}
[debug] [2020-10-16T04:14:17.630Z] [runtime-status] [4487] Resolved module firebase-functions {"declared":true,"installed":true,"version":"3.11.0","resolution":"/Users/rakesh/Desktop/amazon-clone/functions/node_modules/firebase-functions/lib/index.js"} {"metadata":{"emulator":{"name":"functions"},"message":"[runtime-status] [4487] Resolved module firebase-functions {\"declared\":true,\"installed\":true,\"version\":\"3.11.0\",\"resolution\":\"/Users/rakesh/Desktop/amazon-clone/functions/node_modules/firebase-functions/lib/index.js\"}"}}
[debug] [2020-10-16T04:14:17.657Z] [runtime-status] [4487] Checked functions.config() {"config":{}} {"metadata":{"emulator":{"name":"functions"},"message":"[runtime-status] [4487] Checked functions.config() {\"config\":{}}"}}
[debug] [2020-10-16T04:14:17.657Z] [runtime-status] [4487] firebase-functions has been stubbed. {"functionsResolution":{"declared":true,"installed":true,"version":"3.11.0","resolution":"/Users/rakesh/Desktop/amazon-clone/functions/node_modules/firebase-functions/lib/index.js"}} {"metadata":{"emulator":{"name":"functions"},"message":"[runtime-status] [4487] firebase-functions has been stubbed. {\"functionsResolution\":{\"declared\":true,\"installed\":true,\"version\":\"3.11.0\",\"resolution\":\"/Users/rakesh/Desktop/amazon-clone/functions/node_modules/firebase-functions/lib/index.js\"}}"}}
[debug] [2020-10-16T04:14:17.657Z] [runtime-status] [4487] Resolved module firebase-functions {"declared":true,"installed":true,"version":"3.11.0","resolution":"/Users/rakesh/Desktop/amazon-clone/functions/node_modules/firebase-functions/lib/index.js"} {"metadata":{"emulator":{"name":"functions"},"message":"[runtime-status] [4487] Resolved module firebase-functions {\"declared\":true,\"installed\":true,\"version\":\"3.11.0\",\"resolution\":\"/Users/rakesh/Desktop/amazon-clone/functions/node_modules/firebase-functions/lib/index.js\"}"}}
[debug] [2020-10-16T04:14:17.658Z] [runtime-status] [4487] Resolved module firebase-admin {"declared":true,"installed":true,"version":"8.13.0","resolution":"/Users/rakesh/Desktop/amazon-clone/functions/node_modules/firebase-admin/lib/index.js"} {"metadata":{"emulator":{"name":"functions"},"message":"[runtime-status] [4487] Resolved module firebase-admin {\"declared\":true,\"installed\":true,\"version\":\"8.13.0\",\"resolution\":\"/Users/rakesh/Desktop/amazon-clone/functions/node_modules/firebase-admin/lib/index.js\"}"}}
[debug] [2020-10-16T04:14:17.658Z] [runtime-status] [4487] Resolved module firebase-functions {"declared":true,"installed":true,"version":"3.11.0","resolution":"/Users/rakesh/Desktop/amazon-clone/functions/node_modules/firebase-functions/lib/index.js"} {"metadata":{"emulator":{"name":"functions"},"message":"[runtime-status] [4487] Resolved module firebase-functions {\"declared\":true,\"installed\":true,\"version\":\"3.11.0\",\"resolution\":\"/Users/rakesh/Desktop/amazon-clone/functions/node_modules/firebase-functions/lib/index.js\"}"}}
[debug] [2020-10-16T04:14:17.658Z] [runtime-status] [4487] firebase-admin has been stubbed. {"adminResolution":{"declared":true,"installed":true,"version":"8.13.0","resolution":"/Users/rakesh/Desktop/amazon-clone/functions/node_modules/firebase-admin/lib/index.js"}} {"metadata":{"emulator":{"name":"functions"},"message":"[runtime-status] [4487] firebase-admin has been stubbed. {\"adminResolution\":{\"declared\":true,\"installed\":true,\"version\":\"8.13.0\",\"resolution\":\"/Users/rakesh/Desktop/amazon-clone/functions/node_modules/firebase-admin/lib/index.js\"}}"}}
[info] ✔  functions[api]: http function initialized (http://localhost:5001/clone-amazon/us-central1/api). {"metadata":{"emulator":{"name":"functions"},"message":"\u001b[1mhttp\u001b[22m function initialized (http://localhost:5001/clone-amazon/us-central1/api)."}}
[info] 
┌───────────────────────────────────────────────────────────────────────┐
│ ✔  All emulators ready! View status and logs at http://localhost:4000 │
└───────────────────────────────────────────────────────────────────────┘

┌───────────┬────────────────┬─────────────────────────────────┐
│ Emulator  │ Host:Port      │ View in Emulator UI             │
├───────────┼────────────────┼─────────────────────────────────┤
│ Functions │ localhost:5001 │ http://localhost:4000/functions │
├───────────┼────────────────┼─────────────────────────────────┤
│ Hosting   │ localhost:5000 │ n/a                             │
└───────────┴────────────────┴─────────────────────────────────┘
  Other reserved ports: 4400, 4500

Issues? Report them at https://github.com/firebase/firebase-tools/issues and attach the *-debug.log files.
 
[debug] [2020-10-16T04:14:17.731Z] [worker-~diagnostic~-d3826343-c031-49b2-b7a4-6130ce226d8e]: IDLE {"metadata":{"emulator":{"name":"functions"},"message":"[worker-~diagnostic~-d3826343-c031-49b2-b7a4-6130ce226d8e]: IDLE"}}
[debug] [2020-10-16T04:22:08.286Z] File /Users/rakesh/Desktop/amazon-clone/functions/index.js changed, reloading triggers {"metadata":{"emulator":{"name":"functions"},"message":"File /Users/rakesh/Desktop/amazon-clone/functions/index.js changed, reloading triggers"}}
[debug] [2020-10-16T04:22:09.289Z] [worker-pool] Shutting down IDLE worker (~diagnostic~) {"metadata":{"emulator":{"name":"functions"},"message":"[worker-pool] Shutting down IDLE worker (~diagnostic~)"}}
[debug] [2020-10-16T04:22:09.289Z] [worker-~diagnostic~-d3826343-c031-49b2-b7a4-6130ce226d8e]: FINISHING {"metadata":{"emulator":{"name":"functions"},"message":"[worker-~diagnostic~-d3826343-c031-49b2-b7a4-6130ce226d8e]: FINISHING"}}
[debug] [2020-10-16T04:22:09.295Z] [worker-pool] addWorker(~diagnostic~) {"metadata":{"emulator":{"name":"functions"},"message":"[worker-pool] addWorker(~diagnostic~)"}}
[debug] [2020-10-16T04:22:09.295Z] [worker-pool] Adding worker with key ~diagnostic~, total=2 {"metadata":{"emulator":{"name":"functions"},"message":"[worker-pool] Adding worker with key ~diagnostic~, total=2"}}
[debug] [2020-10-16T04:22:09.295Z] [worker-pool] submitWork(triggerId=) {"metadata":{"emulator":{"name":"functions"},"message":"[worker-pool] submitWork(triggerId=)"}}
[debug] [2020-10-16T04:22:09.295Z] [worker-~diagnostic~-e38427b0-78ab-489a-9b46-67e6a0ebab4d]: Assigning socketPath: /var/folders/25/sfmh_zdx10z2vtyv2txg_16r0000gn/T/fire_emu_4642.sock {"metadata":{"emulator":{"name":"functions"},"message":"[worker-~diagnostic~-e38427b0-78ab-489a-9b46-67e6a0ebab4d]: Assigning socketPath: /var/folders/25/sfmh_zdx10z2vtyv2txg_16r0000gn/T/fire_emu_4642.sock"}}
[debug] [2020-10-16T04:22:09.296Z] [worker-~diagnostic~-e38427b0-78ab-489a-9b46-67e6a0ebab4d]: BUSY {"metadata":{"emulator":{"name":"functions"},"message":"[worker-~diagnostic~-e38427b0-78ab-489a-9b46-67e6a0ebab4d]: BUSY"}}
[debug] [2020-10-16T04:22:09.297Z] [worker-~diagnostic~-d3826343-c031-49b2-b7a4-6130ce226d8e]: exited {"metadata":{"emulator":{"name":"functions"},"message":"[worker-~diagnostic~-d3826343-c031-49b2-b7a4-6130ce226d8e]: exited"}}
[debug] [2020-10-16T04:22:09.298Z] [worker-~diagnostic~-d3826343-c031-49b2-b7a4-6130ce226d8e]: FINISHED {"metadata":{"emulator":{"name":"functions"},"message":"[worker-~diagnostic~-d3826343-c031-49b2-b7a4-6130ce226d8e]: FINISHED"}}
[debug] [2020-10-16T04:22:09.842Z] [runtime-status] [4642] Functions runtime initialized. {"cwd":"/Users/rakesh/Desktop/amazon-clone/functions","node_version":"10.16.3"} {"metadata":{"emulator":{"name":"functions"},"message":"[runtime-status] [4642] Functions runtime initialized. {\"cwd\":\"/Users/rakesh/Desktop/amazon-clone/functions\",\"node_version\":\"10.16.3\"}"}}
[debug] [2020-10-16T04:22:09.843Z] [runtime-status] [4642] Disabled runtime features: undefined {"metadata":{"emulator":{"name":"functions"},"message":"[runtime-status] [4642] Disabled runtime features: undefined"}}
[debug] [2020-10-16T04:22:09.847Z] [runtime-status] [4642] Resolved module firebase-admin {"declared":true,"installed":true,"version":"8.13.0","resolution":"/Users/rakesh/Desktop/amazon-clone/functions/node_modules/firebase-admin/lib/index.js"} {"metadata":{"emulator":{"name":"functions"},"message":"[runtime-status] [4642] Resolved module firebase-admin {\"declared\":true,\"installed\":true,\"version\":\"8.13.0\",\"resolution\":\"/Users/rakesh/Desktop/amazon-clone/functions/node_modules/firebase-admin/lib/index.js\"}"}}
[debug] [2020-10-16T04:22:09.848Z] [runtime-status] [4642] Resolved module firebase-functions {"declared":true,"installed":true,"version":"3.11.0","resolution":"/Users/rakesh/Desktop/amazon-clone/functions/node_modules/firebase-functions/lib/index.js"} {"metadata":{"emulator":{"name":"functions"},"message":"[runtime-status] [4642] Resolved module firebase-functions {\"declared\":true,\"installed\":true,\"version\":\"3.11.0\",\"resolution\":\"/Users/rakesh/Desktop/amazon-clone/functions/node_modules/firebase-functions/lib/index.js\"}"}}
[debug] [2020-10-16T04:22:09.849Z] [runtime-status] [4642] Resolved module firebase-functions {"declared":true,"installed":true,"version":"3.11.0","resolution":"/Users/rakesh/Desktop/amazon-clone/functions/node_modules/firebase-functions/lib/index.js"} {"metadata":{"emulator":{"name":"functions"},"message":"[runtime-status] [4642] Resolved module firebase-functions {\"declared\":true,\"installed\":true,\"version\":\"3.11.0\",\"resolution\":\"/Users/rakesh/Desktop/amazon-clone/functions/node_modules/firebase-functions/lib/index.js\"}"}}
[debug] [2020-10-16T04:22:09.852Z] [runtime-status] [4642] Outgoing network have been stubbed. [{"name":"http","status":"mocked"},{"name":"http","status":"mocked"},{"name":"https","status":"mocked"},{"name":"https","status":"mocked"},{"name":"net","status":"mocked"}] {"metadata":{"emulator":{"name":"functions"},"message":"[runtime-status] [4642] Outgoing network have been stubbed. [{\"name\":\"http\",\"status\":\"mocked\"},{\"name\":\"http\",\"status\":\"mocked\"},{\"name\":\"https\",\"status\":\"mocked\"},{\"name\":\"https\",\"status\":\"mocked\"},{\"name\":\"net\",\"status\":\"mocked\"}]"}}
[debug] [2020-10-16T04:22:09.852Z] [runtime-status] [4642] Resolved module firebase-functions {"declared":true,"installed":true,"version":"3.11.0","resolution":"/Users/rakesh/Desktop/amazon-clone/functions/node_modules/firebase-functions/lib/index.js"} {"metadata":{"emulator":{"name":"functions"},"message":"[runtime-status] [4642] Resolved module firebase-functions {\"declared\":true,\"installed\":true,\"version\":\"3.11.0\",\"resolution\":\"/Users/rakesh/Desktop/amazon-clone/functions/node_modules/firebase-functions/lib/index.js\"}"}}
[debug] [2020-10-16T04:22:09.908Z] [runtime-status] [4642] Checked functions.config() {"config":{}} {"metadata":{"emulator":{"name":"functions"},"message":"[runtime-status] [4642] Checked functions.config() {\"config\":{}}"}}
[debug] [2020-10-16T04:22:09.909Z] [runtime-status] [4642] firebase-functions has been stubbed. {"functionsResolution":{"declared":true,"installed":true,"version":"3.11.0","resolution":"/Users/rakesh/Desktop/amazon-clone/functions/node_modules/firebase-functions/lib/index.js"}} {"metadata":{"emulator":{"name":"functions"},"message":"[runtime-status] [4642] firebase-functions has been stubbed. {\"functionsResolution\":{\"declared\":true,\"installed\":true,\"version\":\"3.11.0\",\"resolution\":\"/Users/rakesh/Desktop/amazon-clone/functions/node_modules/firebase-functions/lib/index.js\"}}"}}
[debug] [2020-10-16T04:22:09.909Z] [runtime-status] [4642] Resolved module firebase-functions {"declared":true,"installed":true,"version":"3.11.0","resolution":"/Users/rakesh/Desktop/amazon-clone/functions/node_modules/firebase-functions/lib/index.js"} {"metadata":{"emulator":{"name":"functions"},"message":"[runtime-status] [4642] Resolved module firebase-functions {\"declared\":true,\"installed\":true,\"version\":\"3.11.0\",\"resolution\":\"/Users/rakesh/Desktop/amazon-clone/functions/node_modules/firebase-functions/lib/index.js\"}"}}
[debug] [2020-10-16T04:22:09.909Z] [runtime-status] [4642] Resolved module firebase-admin {"declared":true,"installed":true,"version":"8.13.0","resolution":"/Users/rakesh/Desktop/amazon-clone/functions/node_modules/firebase-admin/lib/index.js"} {"metadata":{"emulator":{"name":"functions"},"message":"[runtime-status] [4642] Resolved module firebase-admin {\"declared\":true,\"installed\":true,\"version\":\"8.13.0\",\"resolution\":\"/Users/rakesh/Desktop/amazon-clone/functions/node_modules/firebase-admin/lib/index.js\"}"}}
[debug] [2020-10-16T04:22:09.910Z] [runtime-status] [4642] Resolved module firebase-functions {"declared":true,"installed":true,"version":"3.11.0","resolution":"/Users/rakesh/Desktop/amazon-clone/functions/node_modules/firebase-functions/lib/index.js"} {"metadata":{"emulator":{"name":"functions"},"message":"[runtime-status] [4642] Resolved module firebase-functions {\"declared\":true,\"installed\":true,\"version\":\"3.11.0\",\"resolution\":\"/Users/rakesh/Desktop/amazon-clone/functions/node_modules/firebase-functions/lib/index.js\"}"}}
[debug] [2020-10-16T04:22:09.910Z] [runtime-status] [4642] firebase-admin has been stubbed. {"adminResolution":{"declared":true,"installed":true,"version":"8.13.0","resolution":"/Users/rakesh/Desktop/amazon-clone/functions/node_modules/firebase-admin/lib/index.js"}} {"metadata":{"emulator":{"name":"functions"},"message":"[runtime-status] [4642] firebase-admin has been stubbed. {\"adminResolution\":{\"declared\":true,\"installed\":true,\"version\":\"8.13.0\",\"resolution\":\"/Users/rakesh/Desktop/amazon-clone/functions/node_modules/firebase-admin/lib/index.js\"}}"}}
[warn] ⚠  /Users/rakesh/Desktop/amazon-clone/functions/index.js:23
app.use(cors({ origin: * }));
                       ^

SyntaxError: Unexpected token *
    at Module._compile (internal/modules/cjs/loader.js:723:23)
    at Object.Module._extensions..js (internal/modules/cjs/loader.js:789:10)
    at Module.load (internal/modules/cjs/loader.js:653:32)
    at tryModuleLoad (internal/modules/cjs/loader.js:593:12)
    at Function.Module._load (internal/modules/cjs/loader.js:585:3)
    at Module.require (internal/modules/cjs/loader.js:692:17)
    at require (internal/modules/cjs/helpers.js:25:18)
    at /usr/local/lib/node_modules/firebase-tools/lib/emulator/functionsEmulatorRuntime.js:681:33
    at Generator.next (<anonymous>)
    at fulfilled (/usr/local/lib/node_modules/firebase-tools/lib/emulator/functionsEmulatorRuntime.js:5:58) {"metadata":{"emulator":{"name":"functions"},"message":"/Users/rakesh/Desktop/amazon-clone/functions/index.js:23\napp.use(cors({ origin: * }));\n                       ^\n\nSyntaxError: Unexpected token *\n    at Module._compile (internal/modules/cjs/loader.js:723:23)\n    at Object.Module._extensions..js (internal/modules/cjs/loader.js:789:10)\n    at Module.load (internal/modules/cjs/loader.js:653:32)\n    at tryModuleLoad (internal/modules/cjs/loader.js:593:12)\n    at Function.Module._load (internal/modules/cjs/loader.js:585:3)\n    at Module.require (internal/modules/cjs/loader.js:692:17)\n    at require (internal/modules/cjs/helpers.js:25:18)\n    at /usr/local/lib/node_modules/firebase-tools/lib/emulator/functionsEmulatorRuntime.js:681:33\n    at Generator.next (<anonymous>)\n    at fulfilled (/usr/local/lib/node_modules/firebase-tools/lib/emulator/functionsEmulatorRuntime.js:5:58)"}}
[warn] ⚠  We were unable to load your functions code. (see above) {"metadata":{"emulator":{"name":"functions"}}}
[debug] [2020-10-16T04:22:09.933Z] [worker-~diagnostic~-e38427b0-78ab-489a-9b46-67e6a0ebab4d]: exited {"metadata":{"emulator":{"name":"functions"},"message":"[worker-~diagnostic~-e38427b0-78ab-489a-9b46-67e6a0ebab4d]: exited"}}
[debug] [2020-10-16T04:22:09.933Z] [worker-~diagnostic~-e38427b0-78ab-489a-9b46-67e6a0ebab4d]: FINISHED {"metadata":{"emulator":{"name":"functions"},"message":"[worker-~diagnostic~-e38427b0-78ab-489a-9b46-67e6a0ebab4d]: FINISHED"}}
[debug] [2020-10-16T04:22:12.049Z] File /Users/rakesh/Desktop/amazon-clone/functions/index.js changed, reloading triggers {"metadata":{"emulator":{"name":"functions"},"message":"File /Users/rakesh/Desktop/amazon-clone/functions/index.js changed, reloading triggers"}}
[debug] [2020-10-16T04:22:13.052Z] [worker-pool] Cleaned up workers for ~diagnostic~: 2 --> 0 {"metadata":{"emulator":{"name":"functions"},"message":"[worker-pool] Cleaned up workers for ~diagnostic~: 2 --> 0"}}
[debug] [2020-10-16T04:22:13.056Z] [worker-pool] addWorker(~diagnostic~) {"metadata":{"emulator":{"name":"functions"},"message":"[worker-pool] addWorker(~diagnostic~)"}}
[debug] [2020-10-16T04:22:13.056Z] [worker-pool] Adding worker with key ~diagnostic~, total=1 {"metadata":{"emulator":{"name":"functions"},"message":"[worker-pool] Adding worker with key ~diagnostic~, total=1"}}
[debug] [2020-10-16T04:22:13.056Z] [worker-pool] submitWork(triggerId=) {"metadata":{"emulator":{"name":"functions"},"message":"[worker-pool] submitWork(triggerId=)"}}
[debug] [2020-10-16T04:22:13.057Z] [worker-~diagnostic~-70b67f74-b1f9-4981-b5a1-daf5eb2ede11]: Assigning socketPath: /var/folders/25/sfmh_zdx10z2vtyv2txg_16r0000gn/T/fire_emu_4653.sock {"metadata":{"emulator":{"name":"functions"},"message":"[worker-~diagnostic~-70b67f74-b1f9-4981-b5a1-daf5eb2ede11]: Assigning socketPath: /var/folders/25/sfmh_zdx10z2vtyv2txg_16r0000gn/T/fire_emu_4653.sock"}}
[debug] [2020-10-16T04:22:13.057Z] [worker-~diagnostic~-70b67f74-b1f9-4981-b5a1-daf5eb2ede11]: BUSY {"metadata":{"emulator":{"name":"functions"},"message":"[worker-~diagnostic~-70b67f74-b1f9-4981-b5a1-daf5eb2ede11]: BUSY"}}
[debug] [2020-10-16T04:22:13.311Z] [runtime-status] [4653] Functions runtime initialized. {"cwd":"/Users/rakesh/Desktop/amazon-clone/functions","node_version":"10.16.3"} {"metadata":{"emulator":{"name":"functions"},"message":"[runtime-status] [4653] Functions runtime initialized. {\"cwd\":\"/Users/rakesh/Desktop/amazon-clone/functions\",\"node_version\":\"10.16.3\"}"}}
[debug] [2020-10-16T04:22:13.312Z] [runtime-status] [4653] Disabled runtime features: undefined {"metadata":{"emulator":{"name":"functions"},"message":"[runtime-status] [4653] Disabled runtime features: undefined"}}
[debug] [2020-10-16T04:22:13.314Z] [runtime-status] [4653] Resolved module firebase-admin {"declared":true,"installed":true,"version":"8.13.0","resolution":"/Users/rakesh/Desktop/amazon-clone/functions/node_modules/firebase-admin/lib/index.js"} {"metadata":{"emulator":{"name":"functions"},"message":"[runtime-status] [4653] Resolved module firebase-admin {\"declared\":true,\"installed\":true,\"version\":\"8.13.0\",\"resolution\":\"/Users/rakesh/Desktop/amazon-clone/functions/node_modules/firebase-admin/lib/index.js\"}"}}
[debug] [2020-10-16T04:22:13.315Z] [runtime-status] [4653] Resolved module firebase-functions {"declared":true,"installed":true,"version":"3.11.0","resolution":"/Users/rakesh/Desktop/amazon-clone/functions/node_modules/firebase-functions/lib/index.js"} {"metadata":{"emulator":{"name":"functions"},"message":"[runtime-status] [4653] Resolved module firebase-functions {\"declared\":true,\"installed\":true,\"version\":\"3.11.0\",\"resolution\":\"/Users/rakesh/Desktop/amazon-clone/functions/node_modules/firebase-functions/lib/index.js\"}"}}
[debug] [2020-10-16T04:22:13.315Z] [runtime-status] [4653] Resolved module firebase-functions {"declared":true,"installed":true,"version":"3.11.0","resolution":"/Users/rakesh/Desktop/amazon-clone/functions/node_modules/firebase-functions/lib/index.js"} {"metadata":{"emulator":{"name":"functions"},"message":"[runtime-status] [4653] Resolved module firebase-functions {\"declared\":true,\"installed\":true,\"version\":\"3.11.0\",\"resolution\":\"/Users/rakesh/Desktop/amazon-clone/functions/node_modules/firebase-functions/lib/index.js\"}"}}
[debug] [2020-10-16T04:22:13.318Z] [runtime-status] [4653] Outgoing network have been stubbed. [{"name":"http","status":"mocked"},{"name":"http","status":"mocked"},{"name":"https","status":"mocked"},{"name":"https","status":"mocked"},{"name":"net","status":"mocked"}] {"metadata":{"emulator":{"name":"functions"},"message":"[runtime-status] [4653] Outgoing network have been stubbed. [{\"name\":\"http\",\"status\":\"mocked\"},{\"name\":\"http\",\"status\":\"mocked\"},{\"name\":\"https\",\"status\":\"mocked\"},{\"name\":\"https\",\"status\":\"mocked\"},{\"name\":\"net\",\"status\":\"mocked\"}]"}}
[debug] [2020-10-16T04:22:13.318Z] [runtime-status] [4653] Resolved module firebase-functions {"declared":true,"installed":true,"version":"3.11.0","resolution":"/Users/rakesh/Desktop/amazon-clone/functions/node_modules/firebase-functions/lib/index.js"} {"metadata":{"emulator":{"name":"functions"},"message":"[runtime-status] [4653] Resolved module firebase-functions {\"declared\":true,\"installed\":true,\"version\":\"3.11.0\",\"resolution\":\"/Users/rakesh/Desktop/amazon-clone/functions/node_modules/firebase-functions/lib/index.js\"}"}}
[debug] [2020-10-16T04:22:13.348Z] [runtime-status] [4653] Checked functions.config() {"config":{}} {"metadata":{"emulator":{"name":"functions"},"message":"[runtime-status] [4653] Checked functions.config() {\"config\":{}}"}}
[debug] [2020-10-16T04:22:13.348Z] [runtime-status] [4653] firebase-functions has been stubbed. {"functionsResolution":{"declared":true,"installed":true,"version":"3.11.0","resolution":"/Users/rakesh/Desktop/amazon-clone/functions/node_modules/firebase-functions/lib/index.js"}} {"metadata":{"emulator":{"name":"functions"},"message":"[runtime-status] [4653] firebase-functions has been stubbed. {\"functionsResolution\":{\"declared\":true,\"installed\":true,\"version\":\"3.11.0\",\"resolution\":\"/Users/rakesh/Desktop/amazon-clone/functions/node_modules/firebase-functions/lib/index.js\"}}"}}
[debug] [2020-10-16T04:22:13.349Z] [runtime-status] [4653] Resolved module firebase-functions {"declared":true,"installed":true,"version":"3.11.0","resolution":"/Users/rakesh/Desktop/amazon-clone/functions/node_modules/firebase-functions/lib/index.js"} {"metadata":{"emulator":{"name":"functions"},"message":"[runtime-status] [4653] Resolved module firebase-functions {\"declared\":true,\"installed\":true,\"version\":\"3.11.0\",\"resolution\":\"/Users/rakesh/Desktop/amazon-clone/functions/node_modules/firebase-functions/lib/index.js\"}"}}
[debug] [2020-10-16T04:22:13.349Z] [runtime-status] [4653] Resolved module firebase-admin {"declared":true,"installed":true,"version":"8.13.0","resolution":"/Users/rakesh/Desktop/amazon-clone/functions/node_modules/firebase-admin/lib/index.js"} {"metadata":{"emulator":{"name":"functions"},"message":"[runtime-status] [4653] Resolved module firebase-admin {\"declared\":true,\"installed\":true,\"version\":\"8.13.0\",\"resolution\":\"/Users/rakesh/Desktop/amazon-clone/functions/node_modules/firebase-admin/lib/index.js\"}"}}
[debug] [2020-10-16T04:22:13.349Z] [runtime-status] [4653] Resolved module firebase-functions {"declared":true,"installed":true,"version":"3.11.0","resolution":"/Users/rakesh/Desktop/amazon-clone/functions/node_modules/firebase-functions/lib/index.js"} {"metadata":{"emulator":{"name":"functions"},"message":"[runtime-status] [4653] Resolved module firebase-functions {\"declared\":true,\"installed\":true,\"version\":\"3.11.0\",\"resolution\":\"/Users/rakesh/Desktop/amazon-clone/functions/node_modules/firebase-functions/lib/index.js\"}"}}
[debug] [2020-10-16T04:22:13.350Z] [runtime-status] [4653] firebase-admin has been stubbed. {"adminResolution":{"declared":true,"installed":true,"version":"8.13.0","resolution":"/Users/rakesh/Desktop/amazon-clone/functions/node_modules/firebase-admin/lib/index.js"}} {"metadata":{"emulator":{"name":"functions"},"message":"[runtime-status] [4653] firebase-admin has been stubbed. {\"adminResolution\":{\"declared\":true,\"installed\":true,\"version\":\"8.13.0\",\"resolution\":\"/Users/rakesh/Desktop/amazon-clone/functions/node_modules/firebase-admin/lib/index.js\"}}"}}
[debug] [2020-10-16T04:22:13.515Z] [worker-~diagnostic~-70b67f74-b1f9-4981-b5a1-daf5eb2ede11]: IDLE {"metadata":{"emulator":{"name":"functions"},"message":"[worker-~diagnostic~-70b67f74-b1f9-4981-b5a1-daf5eb2ede11]: IDLE"}}
[debug] [2020-10-16T04:22:16.402Z] File /Users/rakesh/Desktop/amazon-clone/functions/index.js changed, reloading triggers {"metadata":{"emulator":{"name":"functions"},"message":"File /Users/rakesh/Desktop/amazon-clone/functions/index.js changed, reloading triggers"}}
[debug] [2020-10-16T04:22:17.402Z] [worker-pool] Shutting down IDLE worker (~diagnostic~) {"metadata":{"emulator":{"name":"functions"},"message":"[worker-pool] Shutting down IDLE worker (~diagnostic~)"}}
[debug] [2020-10-16T04:22:17.402Z] [worker-~diagnostic~-70b67f74-b1f9-4981-b5a1-daf5eb2ede11]: FINISHING {"metadata":{"emulator":{"name":"functions"},"message":"[worker-~diagnostic~-70b67f74-b1f9-4981-b5a1-daf5eb2ede11]: FINISHING"}}
[debug] [2020-10-16T04:22:17.406Z] [worker-pool] addWorker(~diagnostic~) {"metadata":{"emulator":{"name":"functions"},"message":"[worker-pool] addWorker(~diagnostic~)"}}
[debug] [2020-10-16T04:22:17.406Z] [worker-pool] Adding worker with key ~diagnostic~, total=2 {"metadata":{"emulator":{"name":"functions"},"message":"[worker-pool] Adding worker with key ~diagnostic~, total=2"}}
[debug] [2020-10-16T04:22:17.406Z] [worker-pool] submitWork(triggerId=) {"metadata":{"emulator":{"name":"functions"},"message":"[worker-pool] submitWork(triggerId=)"}}
[debug] [2020-10-16T04:22:17.406Z] [worker-~diagnostic~-05b190ab-d3d5-4734-8e50-cc6db8ce8552]: Assigning socketPath: /var/folders/25/sfmh_zdx10z2vtyv2txg_16r0000gn/T/fire_emu_4664.sock {"metadata":{"emulator":{"name":"functions"},"message":"[worker-~diagnostic~-05b190ab-d3d5-4734-8e50-cc6db8ce8552]: Assigning socketPath: /var/folders/25/sfmh_zdx10z2vtyv2txg_16r0000gn/T/fire_emu_4664.sock"}}
[debug] [2020-10-16T04:22:17.407Z] [worker-~diagnostic~-05b190ab-d3d5-4734-8e50-cc6db8ce8552]: BUSY {"metadata":{"emulator":{"name":"functions"},"message":"[worker-~diagnostic~-05b190ab-d3d5-4734-8e50-cc6db8ce8552]: BUSY"}}
[debug] [2020-10-16T04:22:17.408Z] [worker-~diagnostic~-70b67f74-b1f9-4981-b5a1-daf5eb2ede11]: exited {"metadata":{"emulator":{"name":"functions"},"message":"[worker-~diagnostic~-70b67f74-b1f9-4981-b5a1-daf5eb2ede11]: exited"}}
[debug] [2020-10-16T04:22:17.408Z] [worker-~diagnostic~-70b67f74-b1f9-4981-b5a1-daf5eb2ede11]: FINISHED {"metadata":{"emulator":{"name":"functions"},"message":"[worker-~diagnostic~-70b67f74-b1f9-4981-b5a1-daf5eb2ede11]: FINISHED"}}
[debug] [2020-10-16T04:22:17.652Z] [runtime-status] [4664] Functions runtime initialized. {"cwd":"/Users/rakesh/Desktop/amazon-clone/functions","node_version":"10.16.3"} {"metadata":{"emulator":{"name":"functions"},"message":"[runtime-status] [4664] Functions runtime initialized. {\"cwd\":\"/Users/rakesh/Desktop/amazon-clone/functions\",\"node_version\":\"10.16.3\"}"}}
[debug] [2020-10-16T04:22:17.653Z] [runtime-status] [4664] Disabled runtime features: undefined {"metadata":{"emulator":{"name":"functions"},"message":"[runtime-status] [4664] Disabled runtime features: undefined"}}
[debug] [2020-10-16T04:22:17.655Z] [runtime-status] [4664] Resolved module firebase-admin {"declared":true,"installed":true,"version":"8.13.0","resolution":"/Users/rakesh/Desktop/amazon-clone/functions/node_modules/firebase-admin/lib/index.js"} {"metadata":{"emulator":{"name":"functions"},"message":"[runtime-status] [4664] Resolved module firebase-admin {\"declared\":true,\"installed\":true,\"version\":\"8.13.0\",\"resolution\":\"/Users/rakesh/Desktop/amazon-clone/functions/node_modules/firebase-admin/lib/index.js\"}"}}
[debug] [2020-10-16T04:22:17.656Z] [runtime-status] [4664] Resolved module firebase-functions {"declared":true,"installed":true,"version":"3.11.0","resolution":"/Users/rakesh/Desktop/amazon-clone/functions/node_modules/firebase-functions/lib/index.js"} {"metadata":{"emulator":{"name":"functions"},"message":"[runtime-status] [4664] Resolved module firebase-functions {\"declared\":true,\"installed\":true,\"version\":\"3.11.0\",\"resolution\":\"/Users/rakesh/Desktop/amazon-clone/functions/node_modules/firebase-functions/lib/index.js\"}"}}
[debug] [2020-10-16T04:22:17.656Z] [runtime-status] [4664] Resolved module firebase-functions {"declared":true,"installed":true,"version":"3.11.0","resolution":"/Users/rakesh/Desktop/amazon-clone/functions/node_modules/firebase-functions/lib/index.js"} {"metadata":{"emulator":{"name":"functions"},"message":"[runtime-status] [4664] Resolved module firebase-functions {\"declared\":true,\"installed\":true,\"version\":\"3.11.0\",\"resolution\":\"/Users/rakesh/Desktop/amazon-clone/functions/node_modules/firebase-functions/lib/index.js\"}"}}
[debug] [2020-10-16T04:22:17.659Z] [runtime-status] [4664] Outgoing network have been stubbed. [{"name":"http","status":"mocked"},{"name":"http","status":"mocked"},{"name":"https","status":"mocked"},{"name":"https","status":"mocked"},{"name":"net","status":"mocked"}] {"metadata":{"emulator":{"name":"functions"},"message":"[runtime-status] [4664] Outgoing network have been stubbed. [{\"name\":\"http\",\"status\":\"mocked\"},{\"name\":\"http\",\"status\":\"mocked\"},{\"name\":\"https\",\"status\":\"mocked\"},{\"name\":\"https\",\"status\":\"mocked\"},{\"name\":\"net\",\"status\":\"mocked\"}]"}}
[debug] [2020-10-16T04:22:17.659Z] [runtime-status] [4664] Resolved module firebase-functions {"declared":true,"installed":true,"version":"3.11.0","resolution":"/Users/rakesh/Desktop/amazon-clone/functions/node_modules/firebase-functions/lib/index.js"} {"metadata":{"emulator":{"name":"functions"},"message":"[runtime-status] [4664] Resolved module firebase-functions {\"declared\":true,\"installed\":true,\"version\":\"3.11.0\",\"resolution\":\"/Users/rakesh/Desktop/amazon-clone/functions/node_modules/firebase-functions/lib/index.js\"}"}}
[debug] [2020-10-16T04:22:17.691Z] [runtime-status] [4664] Checked functions.config() {"config":{}} {"metadata":{"emulator":{"name":"functions"},"message":"[runtime-status] [4664] Checked functions.config() {\"config\":{}}"}}
[debug] [2020-10-16T04:22:17.691Z] [runtime-status] [4664] firebase-functions has been stubbed. {"functionsResolution":{"declared":true,"installed":true,"version":"3.11.0","resolution":"/Users/rakesh/Desktop/amazon-clone/functions/node_modules/firebase-functions/lib/index.js"}} {"metadata":{"emulator":{"name":"functions"},"message":"[runtime-status] [4664] firebase-functions has been stubbed. {\"functionsResolution\":{\"declared\":true,\"installed\":true,\"version\":\"3.11.0\",\"resolution\":\"/Users/rakesh/Desktop/amazon-clone/functions/node_modules/firebase-functions/lib/index.js\"}}"}}
[debug] [2020-10-16T04:22:17.692Z] [runtime-status] [4664] Resolved module firebase-functions {"declared":true,"installed":true,"version":"3.11.0","resolution":"/Users/rakesh/Desktop/amazon-clone/functions/node_modules/firebase-functions/lib/index.js"} {"metadata":{"emulator":{"name":"functions"},"message":"[runtime-status] [4664] Resolved module firebase-functions {\"declared\":true,\"installed\":true,\"version\":\"3.11.0\",\"resolution\":\"/Users/rakesh/Desktop/amazon-clone/functions/node_modules/firebase-functions/lib/index.js\"}"}}
[debug] [2020-10-16T04:22:17.692Z] [runtime-status] [4664] Resolved module firebase-admin {"declared":true,"installed":true,"version":"8.13.0","resolution":"/Users/rakesh/Desktop/amazon-clone/functions/node_modules/firebase-admin/lib/index.js"} {"metadata":{"emulator":{"name":"functions"},"message":"[runtime-status] [4664] Resolved module firebase-admin {\"declared\":true,\"installed\":true,\"version\":\"8.13.0\",\"resolution\":\"/Users/rakesh/Desktop/amazon-clone/functions/node_modules/firebase-admin/lib/index.js\"}"}}
[debug] [2020-10-16T04:22:17.693Z] [runtime-status] [4664] Resolved module firebase-functions {"declared":true,"installed":true,"version":"3.11.0","resolution":"/Users/rakesh/Desktop/amazon-clone/functions/node_modules/firebase-functions/lib/index.js"} {"metadata":{"emulator":{"name":"functions"},"message":"[runtime-status] [4664] Resolved module firebase-functions {\"declared\":true,\"installed\":true,\"version\":\"3.11.0\",\"resolution\":\"/Users/rakesh/Desktop/amazon-clone/functions/node_modules/firebase-functions/lib/index.js\"}"}}
[debug] [2020-10-16T04:22:17.693Z] [runtime-status] [4664] firebase-admin has been stubbed. {"adminResolution":{"declared":true,"installed":true,"version":"8.13.0","resolution":"/Users/rakesh/Desktop/amazon-clone/functions/node_modules/firebase-admin/lib/index.js"}} {"metadata":{"emulator":{"name":"functions"},"message":"[runtime-status] [4664] firebase-admin has been stubbed. {\"adminResolution\":{\"declared\":true,\"installed\":true,\"version\":\"8.13.0\",\"resolution\":\"/Users/rakesh/Desktop/amazon-clone/functions/node_modules/firebase-admin/lib/index.js\"}}"}}
[warn] ⚠  /Users/rakesh/Desktop/amazon-clone/functions/index.js:23
app.use(cors({ origin: * }));
                       ^

SyntaxError: Unexpected token *
    at Module._compile (internal/modules/cjs/loader.js:723:23)
    at Object.Module._extensions..js (internal/modules/cjs/loader.js:789:10)
    at Module.load (internal/modules/cjs/loader.js:653:32)
    at tryModuleLoad (internal/modules/cjs/loader.js:593:12)
    at Function.Module._load (internal/modules/cjs/loader.js:585:3)
    at Module.require (internal/modules/cjs/loader.js:692:17)
    at require (internal/modules/cjs/helpers.js:25:18)
    at /usr/local/lib/node_modules/firebase-tools/lib/emulator/functionsEmulatorRuntime.js:681:33
    at Generator.next (<anonymous>)
    at fulfilled (/usr/local/lib/node_modules/firebase-tools/lib/emulator/functionsEmulatorRuntime.js:5:58) {"metadata":{"emulator":{"name":"functions"},"message":"/Users/rakesh/Desktop/amazon-clone/functions/index.js:23\napp.use(cors({ origin: * }));\n                       ^\n\nSyntaxError: Unexpected token *\n    at Module._compile (internal/modules/cjs/loader.js:723:23)\n    at Object.Module._extensions..js (internal/modules/cjs/loader.js:789:10)\n    at Module.load (internal/modules/cjs/loader.js:653:32)\n    at tryModuleLoad (internal/modules/cjs/loader.js:593:12)\n    at Function.Module._load (internal/modules/cjs/loader.js:585:3)\n    at Module.require (internal/modules/cjs/loader.js:692:17)\n    at require (internal/modules/cjs/helpers.js:25:18)\n    at /usr/local/lib/node_modules/firebase-tools/lib/emulator/functionsEmulatorRuntime.js:681:33\n    at Generator.next (<anonymous>)\n    at fulfilled (/usr/local/lib/node_modules/firebase-tools/lib/emulator/functionsEmulatorRuntime.js:5:58)"}}
[warn] ⚠  We were unable to load your functions code. (see above) {"metadata":{"emulator":{"name":"functions"}}}
[debug] [2020-10-16T04:22:17.711Z] [worker-~diagnostic~-05b190ab-d3d5-4734-8e50-cc6db8ce8552]: exited {"metadata":{"emulator":{"name":"functions"},"message":"[worker-~diagnostic~-05b190ab-d3d5-4734-8e50-cc6db8ce8552]: exited"}}
[debug] [2020-10-16T04:22:17.711Z] [worker-~diagnostic~-05b190ab-d3d5-4734-8e50-cc6db8ce8552]: FINISHED {"metadata":{"emulator":{"name":"functions"},"message":"[worker-~diagnostic~-05b190ab-d3d5-4734-8e50-cc6db8ce8552]: FINISHED"}}
[debug] [2020-10-16T04:22:19.184Z] File /Users/rakesh/Desktop/amazon-clone/functions/index.js changed, reloading triggers {"metadata":{"emulator":{"name":"functions"},"message":"File /Users/rakesh/Desktop/amazon-clone/functions/index.js changed, reloading triggers"}}
[debug] [2020-10-16T04:22:20.185Z] [worker-pool] Cleaned up workers for ~diagnostic~: 2 --> 0 {"metadata":{"emulator":{"name":"functions"},"message":"[worker-pool] Cleaned up workers for ~diagnostic~: 2 --> 0"}}
[debug] [2020-10-16T04:22:20.189Z] [worker-pool] addWorker(~diagnostic~) {"metadata":{"emulator":{"name":"functions"},"message":"[worker-pool] addWorker(~diagnostic~)"}}
[debug] [2020-10-16T04:22:20.190Z] [worker-pool] Adding worker with key ~diagnostic~, total=1 {"metadata":{"emulator":{"name":"functions"},"message":"[worker-pool] Adding worker with key ~diagnostic~, total=1"}}
[debug] [2020-10-16T04:22:20.190Z] [worker-pool] submitWork(triggerId=) {"metadata":{"emulator":{"name":"functions"},"message":"[worker-pool] submitWork(triggerId=)"}}
[debug] [2020-10-16T04:22:20.190Z] [worker-~diagnostic~-1a60f1ac-515b-4632-b98d-06c95b2e4619]: Assigning socketPath: /var/folders/25/sfmh_zdx10z2vtyv2txg_16r0000gn/T/fire_emu_4675.sock {"metadata":{"emulator":{"name":"functions"},"message":"[worker-~diagnostic~-1a60f1ac-515b-4632-b98d-06c95b2e4619]: Assigning socketPath: /var/folders/25/sfmh_zdx10z2vtyv2txg_16r0000gn/T/fire_emu_4675.sock"}}
[debug] [2020-10-16T04:22:20.190Z] [worker-~diagnostic~-1a60f1ac-515b-4632-b98d-06c95b2e4619]: BUSY {"metadata":{"emulator":{"name":"functions"},"message":"[worker-~diagnostic~-1a60f1ac-515b-4632-b98d-06c95b2e4619]: BUSY"}}
[debug] [2020-10-16T04:22:20.453Z] [runtime-status] [4675] Functions runtime initialized. {"cwd":"/Users/rakesh/Desktop/amazon-clone/functions","node_version":"10.16.3"} {"metadata":{"emulator":{"name":"functions"},"message":"[runtime-status] [4675] Functions runtime initialized. {\"cwd\":\"/Users/rakesh/Desktop/amazon-clone/functions\",\"node_version\":\"10.16.3\"}"}}
[debug] [2020-10-16T04:22:20.454Z] [runtime-status] [4675] Disabled runtime features: undefined {"metadata":{"emulator":{"name":"functions"},"message":"[runtime-status] [4675] Disabled runtime features: undefined"}}
[debug] [2020-10-16T04:22:20.456Z] [runtime-status] [4675] Resolved module firebase-admin {"declared":true,"installed":true,"version":"8.13.0","resolution":"/Users/rakesh/Desktop/amazon-clone/functions/node_modules/firebase-admin/lib/index.js"} {"metadata":{"emulator":{"name":"functions"},"message":"[runtime-status] [4675] Resolved module firebase-admin {\"declared\":true,\"installed\":true,\"version\":\"8.13.0\",\"resolution\":\"/Users/rakesh/Desktop/amazon-clone/functions/node_modules/firebase-admin/lib/index.js\"}"}}
[debug] [2020-10-16T04:22:20.457Z] [runtime-status] [4675] Resolved module firebase-functions {"declared":true,"installed":true,"version":"3.11.0","resolution":"/Users/rakesh/Desktop/amazon-clone/functions/node_modules/firebase-functions/lib/index.js"} {"metadata":{"emulator":{"name":"functions"},"message":"[runtime-status] [4675] Resolved module firebase-functions {\"declared\":true,\"installed\":true,\"version\":\"3.11.0\",\"resolution\":\"/Users/rakesh/Desktop/amazon-clone/functions/node_modules/firebase-functions/lib/index.js\"}"}}
[debug] [2020-10-16T04:22:20.457Z] [runtime-status] [4675] Resolved module firebase-functions {"declared":true,"installed":true,"version":"3.11.0","resolution":"/Users/rakesh/Desktop/amazon-clone/functions/node_modules/firebase-functions/lib/index.js"} {"metadata":{"emulator":{"name":"functions"},"message":"[runtime-status] [4675] Resolved module firebase-functions {\"declared\":true,\"installed\":true,\"version\":\"3.11.0\",\"resolution\":\"/Users/rakesh/Desktop/amazon-clone/functions/node_modules/firebase-functions/lib/index.js\"}"}}
[debug] [2020-10-16T04:22:20.460Z] [runtime-status] [4675] Outgoing network have been stubbed. [{"name":"http","status":"mocked"},{"name":"http","status":"mocked"},{"name":"https","status":"mocked"},{"name":"https","status":"mocked"},{"name":"net","status":"mocked"}] {"metadata":{"emulator":{"name":"functions"},"message":"[runtime-status] [4675] Outgoing network have been stubbed. [{\"name\":\"http\",\"status\":\"mocked\"},{\"name\":\"http\",\"status\":\"mocked\"},{\"name\":\"https\",\"status\":\"mocked\"},{\"name\":\"https\",\"status\":\"mocked\"},{\"name\":\"net\",\"status\":\"mocked\"}]"}}
[debug] [2020-10-16T04:22:20.460Z] [runtime-status] [4675] Resolved module firebase-functions {"declared":true,"installed":true,"version":"3.11.0","resolution":"/Users/rakesh/Desktop/amazon-clone/functions/node_modules/firebase-functions/lib/index.js"} {"metadata":{"emulator":{"name":"functions"},"message":"[runtime-status] [4675] Resolved module firebase-functions {\"declared\":true,\"installed\":true,\"version\":\"3.11.0\",\"resolution\":\"/Users/rakesh/Desktop/amazon-clone/functions/node_modules/firebase-functions/lib/index.js\"}"}}
[debug] [2020-10-16T04:22:20.488Z] [runtime-status] [4675] Checked functions.config() {"config":{}} {"metadata":{"emulator":{"name":"functions"},"message":"[runtime-status] [4675] Checked functions.config() {\"config\":{}}"}}
[debug] [2020-10-16T04:22:20.488Z] [runtime-status] [4675] firebase-functions has been stubbed. {"functionsResolution":{"declared":true,"installed":true,"version":"3.11.0","resolution":"/Users/rakesh/Desktop/amazon-clone/functions/node_modules/firebase-functions/lib/index.js"}} {"metadata":{"emulator":{"name":"functions"},"message":"[runtime-status] [4675] firebase-functions has been stubbed. {\"functionsResolution\":{\"declared\":true,\"installed\":true,\"version\":\"3.11.0\",\"resolution\":\"/Users/rakesh/Desktop/amazon-clone/functions/node_modules/firebase-functions/lib/index.js\"}}"}}
[debug] [2020-10-16T04:22:20.488Z] [runtime-status] [4675] Resolved module firebase-functions {"declared":true,"installed":true,"version":"3.11.0","resolution":"/Users/rakesh/Desktop/amazon-clone/functions/node_modules/firebase-functions/lib/index.js"} {"metadata":{"emulator":{"name":"functions"},"message":"[runtime-status] [4675] Resolved module firebase-functions {\"declared\":true,\"installed\":true,\"version\":\"3.11.0\",\"resolution\":\"/Users/rakesh/Desktop/amazon-clone/functions/node_modules/firebase-functions/lib/index.js\"}"}}
[debug] [2020-10-16T04:22:20.489Z] [runtime-status] [4675] Resolved module firebase-admin {"declared":true,"installed":true,"version":"8.13.0","resolution":"/Users/rakesh/Desktop/amazon-clone/functions/node_modules/firebase-admin/lib/index.js"} {"metadata":{"emulator":{"name":"functions"},"message":"[runtime-status] [4675] Resolved module firebase-admin {\"declared\":true,\"installed\":true,\"version\":\"8.13.0\",\"resolution\":\"/Users/rakesh/Desktop/amazon-clone/functions/node_modules/firebase-admin/lib/index.js\"}"}}
[debug] [2020-10-16T04:22:20.489Z] [runtime-status] [4675] Resolved module firebase-functions {"declared":true,"installed":true,"version":"3.11.0","resolution":"/Users/rakesh/Desktop/amazon-clone/functions/node_modules/firebase-functions/lib/index.js"} {"metadata":{"emulator":{"name":"functions"},"message":"[runtime-status] [4675] Resolved module firebase-functions {\"declared\":true,\"installed\":true,\"version\":\"3.11.0\",\"resolution\":\"/Users/rakesh/Desktop/amazon-clone/functions/node_modules/firebase-functions/lib/index.js\"}"}}
[debug] [2020-10-16T04:22:20.489Z] [runtime-status] [4675] firebase-admin has been stubbed. {"adminResolution":{"declared":true,"installed":true,"version":"8.13.0","resolution":"/Users/rakesh/Desktop/amazon-clone/functions/node_modules/firebase-admin/lib/index.js"}} {"metadata":{"emulator":{"name":"functions"},"message":"[runtime-status] [4675] firebase-admin has been stubbed. {\"adminResolution\":{\"declared\":true,\"installed\":true,\"version\":\"8.13.0\",\"resolution\":\"/Users/rakesh/Desktop/amazon-clone/functions/node_modules/firebase-admin/lib/index.js\"}}"}}
[debug] [2020-10-16T04:22:20.551Z] [worker-~diagnostic~-1a60f1ac-515b-4632-b98d-06c95b2e4619]: IDLE {"metadata":{"emulator":{"name":"functions"},"message":"[worker-~diagnostic~-1a60f1ac-515b-4632-b98d-06c95b2e4619]: IDLE"}}
[debug] [2020-10-16T04:30:17.135Z] File /Users/rakesh/Desktop/amazon-clone/functions/index.js changed, reloading triggers {"metadata":{"emulator":{"name":"functions"},"message":"File /Users/rakesh/Desktop/amazon-clone/functions/index.js changed, reloading triggers"}}
[debug] [2020-10-16T04:30:18.139Z] [worker-pool] Shutting down IDLE worker (~diagnostic~) {"metadata":{"emulator":{"name":"functions"},"message":"[worker-pool] Shutting down IDLE worker (~diagnostic~)"}}
[debug] [2020-10-16T04:30:18.139Z] [worker-~diagnostic~-1a60f1ac-515b-4632-b98d-06c95b2e4619]: FINISHING {"metadata":{"emulator":{"name":"functions"},"message":"[worker-~diagnostic~-1a60f1ac-515b-4632-b98d-06c95b2e4619]: FINISHING"}}
[debug] [2020-10-16T04:30:18.144Z] [worker-pool] addWorker(~diagnostic~) {"metadata":{"emulator":{"name":"functions"},"message":"[worker-pool] addWorker(~diagnostic~)"}}
[debug] [2020-10-16T04:30:18.144Z] [worker-pool] Adding worker with key ~diagnostic~, total=2 {"metadata":{"emulator":{"name":"functions"},"message":"[worker-pool] Adding worker with key ~diagnostic~, total=2"}}
[debug] [2020-10-16T04:30:18.144Z] [worker-pool] submitWork(triggerId=) {"metadata":{"emulator":{"name":"functions"},"message":"[worker-pool] submitWork(triggerId=)"}}
[debug] [2020-10-16T04:30:18.144Z] [worker-~diagnostic~-2feb622f-2dfc-4d6a-9fd5-5056345b3248]: Assigning socketPath: /var/folders/25/sfmh_zdx10z2vtyv2txg_16r0000gn/T/fire_emu_4768.sock {"metadata":{"emulator":{"name":"functions"},"message":"[worker-~diagnostic~-2feb622f-2dfc-4d6a-9fd5-5056345b3248]: Assigning socketPath: /var/folders/25/sfmh_zdx10z2vtyv2txg_16r0000gn/T/fire_emu_4768.sock"}}
[debug] [2020-10-16T04:30:18.144Z] [worker-~diagnostic~-2feb622f-2dfc-4d6a-9fd5-5056345b3248]: BUSY {"metadata":{"emulator":{"name":"functions"},"message":"[worker-~diagnostic~-2feb622f-2dfc-4d6a-9fd5-5056345b3248]: BUSY"}}
[debug] [2020-10-16T04:30:18.147Z] [worker-~diagnostic~-1a60f1ac-515b-4632-b98d-06c95b2e4619]: exited {"metadata":{"emulator":{"name":"functions"},"message":"[worker-~diagnostic~-1a60f1ac-515b-4632-b98d-06c95b2e4619]: exited"}}
[debug] [2020-10-16T04:30:18.147Z] [worker-~diagnostic~-1a60f1ac-515b-4632-b98d-06c95b2e4619]: FINISHED {"metadata":{"emulator":{"name":"functions"},"message":"[worker-~diagnostic~-1a60f1ac-515b-4632-b98d-06c95b2e4619]: FINISHED"}}
[debug] [2020-10-16T04:30:18.656Z] [runtime-status] [4768] Functions runtime initialized. {"cwd":"/Users/rakesh/Desktop/amazon-clone/functions","node_version":"10.16.3"} {"metadata":{"emulator":{"name":"functions"},"message":"[runtime-status] [4768] Functions runtime initialized. {\"cwd\":\"/Users/rakesh/Desktop/amazon-clone/functions\",\"node_version\":\"10.16.3\"}"}}
[debug] [2020-10-16T04:30:18.658Z] [runtime-status] [4768] Disabled runtime features: undefined {"metadata":{"emulator":{"name":"functions"},"message":"[runtime-status] [4768] Disabled runtime features: undefined"}}
[debug] [2020-10-16T04:30:18.661Z] [runtime-status] [4768] Resolved module firebase-admin {"declared":true,"installed":true,"version":"8.13.0","resolution":"/Users/rakesh/Desktop/amazon-clone/functions/node_modules/firebase-admin/lib/index.js"} {"metadata":{"emulator":{"name":"functions"},"message":"[runtime-status] [4768] Resolved module firebase-admin {\"declared\":true,\"installed\":true,\"version\":\"8.13.0\",\"resolution\":\"/Users/rakesh/Desktop/amazon-clone/functions/node_modules/firebase-admin/lib/index.js\"}"}}
[debug] [2020-10-16T04:30:18.663Z] [runtime-status] [4768] Resolved module firebase-functions {"declared":true,"installed":true,"version":"3.11.0","resolution":"/Users/rakesh/Desktop/amazon-clone/functions/node_modules/firebase-functions/lib/index.js"} {"metadata":{"emulator":{"name":"functions"},"message":"[runtime-status] [4768] Resolved module firebase-functions {\"declared\":true,\"installed\":true,\"version\":\"3.11.0\",\"resolution\":\"/Users/rakesh/Desktop/amazon-clone/functions/node_modules/firebase-functions/lib/index.js\"}"}}
[debug] [2020-10-16T04:30:18.663Z] [runtime-status] [4768] Resolved module firebase-functions {"declared":true,"installed":true,"version":"3.11.0","resolution":"/Users/rakesh/Desktop/amazon-clone/functions/node_modules/firebase-functions/lib/index.js"} {"metadata":{"emulator":{"name":"functions"},"message":"[runtime-status] [4768] Resolved module firebase-functions {\"declared\":true,\"installed\":true,\"version\":\"3.11.0\",\"resolution\":\"/Users/rakesh/Desktop/amazon-clone/functions/node_modules/firebase-functions/lib/index.js\"}"}}
[debug] [2020-10-16T04:30:18.668Z] [runtime-status] [4768] Outgoing network have been stubbed. [{"name":"http","status":"mocked"},{"name":"http","status":"mocked"},{"name":"https","status":"mocked"},{"name":"https","status":"mocked"},{"name":"net","status":"mocked"}] {"metadata":{"emulator":{"name":"functions"},"message":"[runtime-status] [4768] Outgoing network have been stubbed. [{\"name\":\"http\",\"status\":\"mocked\"},{\"name\":\"http\",\"status\":\"mocked\"},{\"name\":\"https\",\"status\":\"mocked\"},{\"name\":\"https\",\"status\":\"mocked\"},{\"name\":\"net\",\"status\":\"mocked\"}]"}}
[debug] [2020-10-16T04:30:18.669Z] [runtime-status] [4768] Resolved module firebase-functions {"declared":true,"installed":true,"version":"3.11.0","resolution":"/Users/rakesh/Desktop/amazon-clone/functions/node_modules/firebase-functions/lib/index.js"} {"metadata":{"emulator":{"name":"functions"},"message":"[runtime-status] [4768] Resolved module firebase-functions {\"declared\":true,\"installed\":true,\"version\":\"3.11.0\",\"resolution\":\"/Users/rakesh/Desktop/amazon-clone/functions/node_modules/firebase-functions/lib/index.js\"}"}}
